<?xml version="1.0" encoding="UTF-8"?>
<!-- Generated by org.testng.reporters.JUnitXMLReporter -->
<testsuite hostname="Himalaya-Laptop" name="Test" tests="4" failures="0" timestamp="7 Jan 2022 15:54:56 GMT" time="65.083" errors="0">
  <testcase name="basePageNavigation" time="20.613" classname="HimalayaPractice.E2EProject.HomePage"/>
  <testcase name="basePageNavigation" time="18.569" classname="HimalayaPractice.E2EProject.HomePage"/>
  <testcase name="basePageNavigation" time="12.103" classname="HimalayaPractice.E2EProject.ValidateTitle"/>
  <testcase name="basePageNavigation" time="1.134" classname="HimalayaPractice.E2EProject.ValidateNavigationBar"/>
</testsuite> <!-- Test -->
