<?xml version="1.0" encoding="UTF-8"?>
<!-- Generated by org.testng.reporters.JUnitXMLReporter -->
<testsuite hostname="Himalaya-Laptop" name="Property Loan" tests="3" failures="0" timestamp="27 Dec 2021 12:34:45 GMT" time="0.011" errors="0">
  <testcase name="LoginAPIPropertyLoan" time="0.002" classname="Sample.day5"/>
  <testcase name="MobileLoginPropertyLoan" time="0.002" classname="Sample.day5"/>
  <testcase name="WebloginPropertyLoan" time="0.002" classname="Sample.day5"/>
</testsuite> <!-- Property Loan -->
